# JRE version: OpenJDK Runtime Environment Microsoft-8035246 (17.0.8+7) (build 17.0.8+7-LTS)
# Java VM: OpenJDK 64-Bit Server VM Microsoft-8035246 (17.0.8+7-LTS, mixed mode, sharing, tiered, compressed oops, compressed class ptrs, g1 gc, windows-amd64)
GC Precious Log:
 CPUs: 12 total, 12 available
 Memory: 16234M
 Large Page Support: Disabled
 NUMA Support: Disabled
 Compressed Oops: Enabled (32-bit)
 Heap Region Size: 1M
 Heap Min Capacity: 8M
 Heap Initial Capacity: 254M
 Heap Max Capacity: 2G
 Pre-touch: Disabled
 Parallel Workers: 10
 Concurrent Workers: 3
 Concurrent Refinement Workers: 10
 Periodic GC: Disabled
Heap:
 garbage-first heap   total 260096K, used 190076K [0x0000000080000000, 0x0000000100000000)
  region size 1024K, 22 young (22528K), 6 survivors (6144K)
 Metaspace       used 103928K, committed 104896K, reserved 557056K
  class space    used 14558K, committed 15040K, reserved 425984K
GC Heap History (20 events):
Event: 26.032 GC heap before
{Heap before GC invocations=66 (full 0):
 garbage-first heap   total 233472K, used 140778K [0x0000000080000000, 0x0000000100000000)
  region size 1024K, 11 young (11264K), 7 survivors (7168K)
 Metaspace       used 94166K, committed 95040K, reserved 557056K
  class space    used 13206K, committed 13632K, reserved 425984K
}
Event: 26.037 GC heap after
{Heap after GC invocations=67 (full 0):
 garbage-first heap   total 233472K, used 137787K [0x0000000080000000, 0x0000000100000000)
  region size 1024K, 1 young (1024K), 1 survivors (1024K)
 Metaspace       used 94166K, committed 95040K, reserved 557056K
  class space    used 13206K, committed 13632K, reserved 425984K
}
Event: 26.556 GC heap before
{Heap before GC invocations=67 (full 0):
 garbage-first heap   total 233472K, used 177723K [0x0000000080000000, 0x0000000100000000)
  region size 1024K, 39 young (39936K), 1 survivors (1024K)
 Metaspace       used 94785K, committed 95744K, reserved 557056K
  class space    used 13275K, committed 13696K, reserved 425984K
}
Event: 26.560 GC heap after
{Heap after GC invocations=68 (full 0):
 garbage-first heap   total 233472K, used 146867K [0x0000000080000000, 0x0000000100000000)
  region size 1024K, 5 young (5120K), 5 survivors (5120K)
 Metaspace       used 94785K, committed 95744K, reserved 557056K
  class space    used 13275K, committed 13696K, reserved 425984K
}
Event: 26.926 GC heap before
{Heap before GC invocations=69 (full 0):
 garbage-first heap   total 260096K, used 180659K [0x0000000080000000, 0x0000000100000000)
  region size 1024K, 38 young (38912K), 5 survivors (5120K)
 Metaspace       used 97315K, committed 98176K, reserved 557056K
  class space    used 13666K, committed 14080K, reserved 425984K
}
Event: 26.931 GC heap after
{Heap after GC invocations=70 (full 0):
 garbage-first heap   total 260096K, used 148753K [0x0000000080000000, 0x0000000100000000)
  region size 1024K, 2 young (2048K), 2 survivors (2048K)
 Metaspace       used 97315K, committed 98176K, reserved 557056K
  class space    used 13666K, committed 14080K, reserved 425984K
}
Event: 27.092 GC heap before
{Heap before GC invocations=70 (full 0):
 garbage-first heap   total 260096K, used 158993K [0x0000000080000000, 0x0000000100000000)
  region size 1024K, 12 young (12288K), 2 survivors (2048K)
 Metaspace       used 98074K, committed 99072K, reserved 557056K
  class space    used 13782K, committed 14272K, reserved 425984K
}
Event: 27.095 GC heap after
{Heap after GC invocations=71 (full 0):
 garbage-first heap   total 260096K, used 149059K [0x0000000080000000, 0x0000000100000000)
  region size 1024K, 1 young (1024K), 1 survivors (1024K)
 Metaspace       used 98074K, committed 99072K, reserved 557056K
  class space    used 13782K, committed 14272K, reserved 425984K
}
Event: 27.881 GC heap before
{Heap before GC invocations=71 (full 0):
 garbage-first heap   total 260096K, used 199235K [0x0000000080000000, 0x0000000100000000)
  region size 1024K, 50 young (51200K), 1 survivors (1024K)
 Metaspace       used 101296K, committed 102272K, reserved 557056K
  class space    used 14176K, committed 14656K, reserved 425984K
}
Event: 27.886 GC heap after
{Heap after GC invocations=72 (full 0):
 garbage-first heap   total 260096K, used 153706K [0x0000000080000000, 0x0000000100000000)
  region size 1024K, 6 young (6144K), 6 survivors (6144K)
 Metaspace       used 101296K, committed 102272K, reserved 557056K
  class space    used 14176K, committed 14656K, reserved 425984K
}
Event: 28.376 GC heap before
{Heap before GC invocations=72 (full 0):
 garbage-first heap   total 260096K, used 203882K [0x0000000080000000, 0x0000000100000000)
  region size 1024K, 55 young (56320K), 6 survivors (6144K)
 Metaspace       used 102064K, committed 103040K, reserved 557056K
  class space    used 14249K, committed 14720K, reserved 425984K
}
Event: 28.383 GC heap after
{Heap after GC invocations=73 (full 0):
 garbage-first heap   total 260096K, used 158948K [0x0000000080000000, 0x0000000100000000)
  region size 1024K, 6 young (6144K), 6 survivors (6144K)
 Metaspace       used 102064K, committed 103040K, reserved 557056K
  class space    used 14249K, committed 14720K, reserved 425984K
}
Event: 28.737 GC heap before
{Heap before GC invocations=73 (full 0):
 garbage-first heap   total 260096K, used 207076K [0x0000000080000000, 0x0000000100000000)
  region size 1024K, 54 young (55296K), 6 survivors (6144K)
 Metaspace       used 103243K, committed 104256K, reserved 557056K
  class space    used 14493K, committed 14976K, reserved 425984K
}
Event: 28.742 GC heap after
{Heap after GC invocations=74 (full 0):
 garbage-first heap   total 260096K, used 162975K [0x0000000080000000, 0x0000000100000000)
  region size 1024K, 4 young (4096K), 4 survivors (4096K)
 Metaspace       used 103243K, committed 104256K, reserved 557056K
  class space    used 14493K, committed 14976K, reserved 425984K
}
Event: 29.144 GC heap before
{Heap before GC invocations=74 (full 0):
 garbage-first heap   total 260096K, used 210079K [0x0000000080000000, 0x0000000100000000)
  region size 1024K, 51 young (52224K), 4 survivors (4096K)
 Metaspace       used 103713K, committed 104768K, reserved 557056K
  class space    used 14544K, committed 15040K, reserved 425984K
}
Event: 29.152 GC heap after
{Heap after GC invocations=75 (full 0):
 garbage-first heap   total 260096K, used 168136K [0x0000000080000000, 0x0000000100000000)
  region size 1024K, 5 young (5120K), 5 survivors (5120K)
 Metaspace       used 103713K, committed 104768K, reserved 557056K
  class space    used 14544K, committed 15040K, reserved 425984K
}
Event: 29.381 GC heap before
{Heap before GC invocations=75 (full 0):
 garbage-first heap   total 260096K, used 213192K [0x0000000080000000, 0x0000000100000000)
  region size 1024K, 50 young (51200K), 5 survivors (5120K)
 Metaspace       used 103759K, committed 104768K, reserved 557056K
  class space    used 14544K, committed 15040K, reserved 425984K
}
Event: 29.385 GC heap after
{Heap after GC invocations=76 (full 0):
 garbage-first heap   total 260096K, used 170769K [0x0000000080000000, 0x0000000100000000)
  region size 1024K, 3 young (3072K), 3 survivors (3072K)
 Metaspace       used 103759K, committed 104768K, reserved 557056K
  class space    used 14544K, committed 15040K, reserved 425984K
}
Event: 29.932 GC heap before
{Heap before GC invocations=76 (full 0):
 garbage-first heap   total 260096K, used 224017K [0x0000000080000000, 0x0000000100000000)
  region size 1024K, 48 young (49152K), 3 survivors (3072K)
 Metaspace       used 103846K, committed 104832K, reserved 557056K
  class space    used 14548K, committed 15040K, reserved 425984K
}
Event: 29.936 GC heap after
{Heap after GC invocations=77 (full 0):
 garbage-first heap   total 260096K, used 174716K [0x0000000080000000, 0x0000000100000000)
  region size 1024K, 6 young (6144K), 6 survivors (6144K)
 Metaspace       used 103846K, committed 104832K, reserved 557056K
  class space    used 14548K, committed 15040K, reserved 425984K
}

